{"/Users/borisc/Projects/node-serialport-slip/src/slip-message.js":{"path":"/Users/borisc/Projects/node-serialport-slip/src/slip-message.js","s":{"1":1,"2":1,"3":2,"4":1,"5":2,"6":2,"7":13,"8":2,"9":1,"10":3,"11":1,"12":2,"13":2,"14":8,"15":3,"16":3,"17":3,"18":3,"19":3,"20":5,"21":5,"22":5,"23":5,"24":2,"25":1,"26":2,"27":2,"28":4,"29":4,"30":7,"31":7,"32":3,"33":3,"34":4,"35":2,"36":1},"b":{"1":[3,10],"2":[3,5],"3":[8,6],"4":[3,2],"5":[3,4]},"f":{"1":2,"2":2,"3":3,"4":2,"5":2},"fnMap":{"1":{"name":"(anonymous_1)","line":13,"loc":{"start":{"line":13,"column":18},"end":{"line":13,"column":36}}},"2":{"name":"(anonymous_2)","line":22,"loc":{"start":{"line":22,"column":23},"end":{"line":22,"column":48}}},"3":{"name":"(anonymous_3)","line":38,"loc":{"start":{"line":38,"column":28},"end":{"line":38,"column":48}}},"4":{"name":"(anonymous_4)","line":49,"loc":{"start":{"line":49,"column":32},"end":{"line":49,"column":50}}},"5":{"name":"(anonymous_5)","line":86,"loc":{"start":{"line":86,"column":45},"end":{"line":86,"column":63}}}},"statementMap":{"1":{"start":{"line":6,"column":0},"end":{"line":7,"column":29}},"2":{"start":{"line":13,"column":0},"end":{"line":15,"column":1}},"3":{"start":{"line":14,"column":2},"end":{"line":14,"column":29}},"4":{"start":{"line":22,"column":0},"end":{"line":30,"column":1}},"5":{"start":{"line":23,"column":2},"end":{"line":23,"column":25}},"6":{"start":{"line":24,"column":2},"end":{"line":28,"column":45}},"7":{"start":{"line":25,"column":4},"end":{"line":28,"column":45}},"8":{"start":{"line":29,"column":2},"end":{"line":29,"column":35}},"9":{"start":{"line":38,"column":0},"end":{"line":40,"column":1}},"10":{"start":{"line":39,"column":2},"end":{"line":39,"column":34}},"11":{"start":{"line":49,"column":0},"end":{"line":76,"column":1}},"12":{"start":{"line":50,"column":2},"end":{"line":53,"column":27}},"13":{"start":{"line":56,"column":2},"end":{"line":74,"column":3}},"14":{"start":{"line":57,"column":4},"end":{"line":73,"column":5}},"15":{"start":{"line":59,"column":6},"end":{"line":59,"column":83}},"16":{"start":{"line":60,"column":6},"end":{"line":60,"column":82}},"17":{"start":{"line":62,"column":6},"end":{"line":62,"column":27}},"18":{"start":{"line":63,"column":6},"end":{"line":63,"column":28}},"19":{"start":{"line":65,"column":6},"end":{"line":65,"column":32}},"20":{"start":{"line":68,"column":6},"end":{"line":68,"column":83}},"21":{"start":{"line":69,"column":6},"end":{"line":69,"column":82}},"22":{"start":{"line":71,"column":6},"end":{"line":71,"column":78}},"23":{"start":{"line":72,"column":6},"end":{"line":72,"column":36}},"24":{"start":{"line":75,"column":2},"end":{"line":75,"column":22}},"25":{"start":{"line":86,"column":0},"end":{"line":103,"column":1}},"26":{"start":{"line":87,"column":2},"end":{"line":87,"column":25}},"27":{"start":{"line":88,"column":2},"end":{"line":101,"column":3}},"28":{"start":{"line":89,"column":4},"end":{"line":91,"column":27}},"29":{"start":{"line":92,"column":4},"end":{"line":100,"column":5}},"30":{"start":{"line":93,"column":6},"end":{"line":93,"column":86}},"31":{"start":{"line":94,"column":6},"end":{"line":99,"column":7}},"32":{"start":{"line":95,"column":8},"end":{"line":95,"column":72}},"33":{"start":{"line":96,"column":8},"end":{"line":96,"column":32}},"34":{"start":{"line":98,"column":8},"end":{"line":98,"column":26}},"35":{"start":{"line":102,"column":2},"end":{"line":102,"column":42}},"36":{"start":{"line":105,"column":0},"end":{"line":105,"column":28}}},"branchMap":{"1":{"line":25,"type":"cond-expr","locations":[{"start":{"line":26,"column":8},"end":{"line":27,"column":61}},{"start":{"line":28,"column":8},"end":{"line":28,"column":45}}]},"2":{"line":57,"type":"if","locations":[{"start":{"line":57,"column":4},"end":{"line":57,"column":4}},{"start":{"line":57,"column":4},"end":{"line":57,"column":4}}]},"3":{"line":57,"type":"binary-expr","locations":[{"start":{"line":57,"column":8},"end":{"line":57,"column":25}},{"start":{"line":57,"column":29},"end":{"line":57,"column":73}}]},"4":{"line":68,"type":"cond-expr","locations":[{"start":{"line":68,"column":44},"end":{"line":68,"column":67}},{"start":{"line":68,"column":70},"end":{"line":68,"column":83}}]},"5":{"line":94,"type":"if","locations":[{"start":{"line":94,"column":6},"end":{"line":94,"column":6}},{"start":{"line":94,"column":6},"end":{"line":94,"column":6}}]}}},"/Users/borisc/Projects/node-serialport-slip/src/slip.js":{"path":"/Users/borisc/Projects/node-serialport-slip/src/slip.js","s":{"1":1,"2":1,"3":2,"4":2,"5":2,"6":2,"7":2,"8":2,"9":2,"10":0,"11":1,"12":1,"13":1,"14":1,"15":1,"16":1,"17":0,"18":1,"19":1,"20":1,"21":2,"22":2,"23":1,"24":1,"25":1,"26":1,"27":1,"28":1,"29":1,"30":1,"31":1,"32":1},"b":{"1":[2,0],"2":[1,0],"3":[1,1],"4":[1,0],"5":[1,0]},"f":{"1":2,"2":0,"3":1,"4":1,"5":1,"6":2},"fnMap":{"1":{"name":"(anonymous_1)","line":20,"loc":{"start":{"line":20,"column":11},"end":{"line":20,"column":46}}},"2":{"name":"(anonymous_2)","line":29,"loc":{"start":{"line":29,"column":18},"end":{"line":29,"column":33}}},"3":{"name":"(anonymous_3)","line":41,"loc":{"start":{"line":41,"column":29},"end":{"line":41,"column":57}}},"4":{"name":"(anonymous_4)","line":44,"loc":{"start":{"line":44,"column":22},"end":{"line":44,"column":37}}},"5":{"name":"(anonymous_5)","line":56,"loc":{"start":{"line":56,"column":50},"end":{"line":56,"column":62}}},"6":{"name":"(anonymous_6)","line":60,"loc":{"start":{"line":60,"column":9},"end":{"line":60,"column":25}}}},"statementMap":{"1":{"start":{"line":6,"column":0},"end":{"line":12,"column":29}},"2":{"start":{"line":20,"column":0},"end":{"line":32,"column":1}},"3":{"start":{"line":21,"column":2},"end":{"line":21,"column":17}},"4":{"start":{"line":23,"column":2},"end":{"line":23,"column":38}},"5":{"start":{"line":24,"column":2},"end":{"line":24,"column":76}},"6":{"start":{"line":25,"column":2},"end":{"line":25,"column":37}},"7":{"start":{"line":26,"column":2},"end":{"line":26,"column":27}},"8":{"start":{"line":27,"column":2},"end":{"line":27,"column":48}},"9":{"start":{"line":29,"column":2},"end":{"line":31,"column":4}},"10":{"start":{"line":30,"column":4},"end":{"line":30,"column":46}},"11":{"start":{"line":34,"column":0},"end":{"line":34,"column":31}},"12":{"start":{"line":41,"column":0},"end":{"line":48,"column":1}},"13":{"start":{"line":42,"column":2},"end":{"line":43,"column":17}},"14":{"start":{"line":44,"column":2},"end":{"line":47,"column":4}},"15":{"start":{"line":45,"column":4},"end":{"line":45,"column":33}},"16":{"start":{"line":45,"column":13},"end":{"line":45,"column":33}},"17":{"start":{"line":46,"column":4},"end":{"line":46,"column":39}},"18":{"start":{"line":56,"column":0},"end":{"line":77,"column":4}},"19":{"start":{"line":57,"column":2},"end":{"line":58,"column":21}},"20":{"start":{"line":60,"column":2},"end":{"line":76,"column":3}},"21":{"start":{"line":61,"column":4},"end":{"line":61,"column":50}},"22":{"start":{"line":62,"column":4},"end":{"line":75,"column":5}},"23":{"start":{"line":64,"column":6},"end":{"line":64,"column":60}},"24":{"start":{"line":66,"column":6},"end":{"line":67,"column":75}},"25":{"start":{"line":67,"column":8},"end":{"line":67,"column":75}},"26":{"start":{"line":69,"column":6},"end":{"line":69,"column":49}},"27":{"start":{"line":70,"column":6},"end":{"line":70,"column":60}},"28":{"start":{"line":71,"column":6},"end":{"line":71,"column":63}},"29":{"start":{"line":72,"column":6},"end":{"line":72,"column":21}},"30":{"start":{"line":73,"column":6},"end":{"line":74,"column":77}},"31":{"start":{"line":74,"column":8},"end":{"line":74,"column":77}},"32":{"start":{"line":79,"column":0},"end":{"line":79,"column":21}}},"branchMap":{"1":{"line":24,"type":"cond-expr","locations":[{"start":{"line":24,"column":35},"end":{"line":24,"column":43}},{"start":{"line":24,"column":46},"end":{"line":24,"column":48}}]},"2":{"line":45,"type":"if","locations":[{"start":{"line":45,"column":4},"end":{"line":45,"column":4}},{"start":{"line":45,"column":4},"end":{"line":45,"column":4}}]},"3":{"line":62,"type":"if","locations":[{"start":{"line":62,"column":4},"end":{"line":62,"column":4}},{"start":{"line":62,"column":4},"end":{"line":62,"column":4}}]},"4":{"line":66,"type":"if","locations":[{"start":{"line":66,"column":6},"end":{"line":66,"column":6}},{"start":{"line":66,"column":6},"end":{"line":66,"column":6}}]},"5":{"line":73,"type":"if","locations":[{"start":{"line":73,"column":6},"end":{"line":73,"column":6}},{"start":{"line":73,"column":6},"end":{"line":73,"column":6}}]}}}}