TN:
SF:/Users/borisc/Projects/node-serialport-slip/src/slip-message.js
FN:13,(anonymous_1)
FN:22,(anonymous_2)
FN:38,(anonymous_3)
FN:49,(anonymous_4)
FN:86,(anonymous_5)
FNF:5
FNH:5
FNDA:2,(anonymous_1)
FNDA:2,(anonymous_2)
FNDA:3,(anonymous_3)
FNDA:2,(anonymous_4)
FNDA:2,(anonymous_5)
DA:6,1
DA:13,1
DA:14,2
DA:22,1
DA:23,2
DA:24,2
DA:25,13
DA:29,2
DA:38,1
DA:39,3
DA:49,1
DA:50,2
DA:56,2
DA:57,8
DA:59,3
DA:60,3
DA:62,3
DA:63,3
DA:65,3
DA:68,5
DA:69,5
DA:71,5
DA:72,5
DA:75,2
DA:86,1
DA:87,2
DA:88,2
DA:89,4
DA:92,4
DA:93,7
DA:94,7
DA:95,3
DA:96,3
DA:98,4
DA:102,2
DA:105,1
LF:36
LH:36
BRDA:25,1,0,3
BRDA:25,1,1,10
BRDA:57,2,0,3
BRDA:57,2,1,5
BRDA:57,3,0,8
BRDA:57,3,1,6
BRDA:68,4,0,3
BRDA:68,4,1,2
BRDA:94,5,0,3
BRDA:94,5,1,4
BRF:10
BRH:10
end_of_record
TN:
SF:/Users/borisc/Projects/node-serialport-slip/src/slip.js
FN:20,(anonymous_1)
FN:29,(anonymous_2)
FN:41,(anonymous_3)
FN:44,(anonymous_4)
FN:56,(anonymous_5)
FN:60,(anonymous_6)
FNF:6
FNH:5
FNDA:2,(anonymous_1)
FNDA:0,(anonymous_2)
FNDA:1,(anonymous_3)
FNDA:1,(anonymous_4)
FNDA:1,(anonymous_5)
FNDA:2,(anonymous_6)
DA:6,1
DA:20,1
DA:21,2
DA:23,2
DA:24,2
DA:25,2
DA:26,2
DA:27,2
DA:29,2
DA:30,0
DA:34,1
DA:41,1
DA:42,1
DA:44,1
DA:45,1
DA:46,0
DA:56,1
DA:57,1
DA:60,1
DA:61,2
DA:62,2
DA:64,1
DA:66,1
DA:67,1
DA:69,1
DA:70,1
DA:71,1
DA:72,1
DA:73,1
DA:74,1
DA:79,1
LF:31
LH:29
BRDA:24,1,0,2
BRDA:24,1,1,0
BRDA:45,2,0,1
BRDA:45,2,1,0
BRDA:62,3,0,1
BRDA:62,3,1,1
BRDA:66,4,0,1
BRDA:66,4,1,0
BRDA:73,5,0,1
BRDA:73,5,1,0
BRF:10
BRH:6
end_of_record
